Analysis & Synthesis report for sar
Tue Dec 19 12:29:08 2023
Quartus Prime Version 18.1.0 Build 625 09/12/2018 SJ Lite Edition


---------------------
; Table of Contents ;
---------------------
  1. Legal Notice
  2. Analysis & Synthesis Summary
  3. Analysis & Synthesis Settings
  4. Parallel Compilation
  5. Analysis & Synthesis Source Files Read
  6. Analysis & Synthesis Resource Usage Summary
  7. Analysis & Synthesis Resource Utilization by Entity
  8. General Register Statistics
  9. Port Connectivity Checks: "dactestcnt6:cnt4"
 10. Post-Synthesis Netlist Statistics for Top Partition
 11. Elapsed Time Per Partition
 12. Analysis & Synthesis Messages



----------------
; Legal Notice ;
----------------
Copyright (C) 2018  Intel Corporation. All rights reserved.
Your use of Intel Corporation's design tools, logic functions 
and other software and tools, and its AMPP partner logic 
functions, and any output files from any of the foregoing 
(including device programming or simulation files), and any 
associated documentation or information are expressly subject 
to the terms and conditions of the Intel Program License 
Subscription Agreement, the Intel Quartus Prime License Agreement,
the Intel FPGA IP License Agreement, or other applicable license
agreement, including, without limitation, that your use is for
the sole purpose of programming logic devices manufactured by
Intel and sold by Intel or its authorized distributors.  Please
refer to the applicable agreement for further details.



+-------------------------------------------------------------------------------+
; Analysis & Synthesis Summary                                                  ;
+---------------------------------+---------------------------------------------+
; Analysis & Synthesis Status     ; Successful - Tue Dec 19 12:29:08 2023       ;
; Quartus Prime Version           ; 18.1.0 Build 625 09/12/2018 SJ Lite Edition ;
; Revision Name                   ; sar                                         ;
; Top-level Entity Name           ; dac_test                                    ;
; Family                          ; Cyclone V                                   ;
; Logic utilization (in ALMs)     ; N/A                                         ;
; Total registers                 ; 6                                           ;
; Total pins                      ; 102                                         ;
; Total virtual pins              ; 0                                           ;
; Total block memory bits         ; 0                                           ;
; Total DSP Blocks                ; 0                                           ;
; Total HSSI RX PCSs              ; 0                                           ;
; Total HSSI PMA RX Deserializers ; 0                                           ;
; Total HSSI TX PCSs              ; 0                                           ;
; Total HSSI PMA TX Serializers   ; 0                                           ;
; Total PLLs                      ; 0                                           ;
; Total DLLs                      ; 0                                           ;
+---------------------------------+---------------------------------------------+


+---------------------------------------------------------------------------------------------------------------------------+
; Analysis & Synthesis Settings                                                                                             ;
+---------------------------------------------------------------------------------+--------------------+--------------------+
; Option                                                                          ; Setting            ; Default Value      ;
+---------------------------------------------------------------------------------+--------------------+--------------------+
; Device                                                                          ; 5CSEMA5F31C6       ;                    ;
; Top-level entity name                                                           ; dac_test           ; sar                ;
; Family name                                                                     ; Cyclone V          ; Cyclone V          ;
; Use smart compilation                                                           ; Off                ; Off                ;
; Enable parallel Assembler and Timing Analyzer during compilation                ; On                 ; On                 ;
; Enable compact report table                                                     ; Off                ; Off                ;
; Restructure Multiplexers                                                        ; Auto               ; Auto               ;
; MLAB Add Timing Constraints For Mixed-Port Feed-Through Mode Setting Don't Care ; Off                ; Off                ;
; Create Debugging Nodes for IP Cores                                             ; Off                ; Off                ;
; Preserve fewer node names                                                       ; On                 ; On                 ;
; Intel FPGA IP Evaluation Mode                                                   ; Enable             ; Enable             ;
; Verilog Version                                                                 ; Verilog_2001       ; Verilog_2001       ;
; VHDL Version                                                                    ; VHDL_1993          ; VHDL_1993          ;
; State Machine Processing                                                        ; Auto               ; Auto               ;
; Safe State Machine                                                              ; Off                ; Off                ;
; Extract Verilog State Machines                                                  ; On                 ; On                 ;
; Extract VHDL State Machines                                                     ; On                 ; On                 ;
; Ignore Verilog initial constructs                                               ; Off                ; Off                ;
; Iteration limit for constant Verilog loops                                      ; 5000               ; 5000               ;
; Iteration limit for non-constant Verilog loops                                  ; 250                ; 250                ;
; Add Pass-Through Logic to Inferred RAMs                                         ; On                 ; On                 ;
; Infer RAMs from Raw Logic                                                       ; On                 ; On                 ;
; Parallel Synthesis                                                              ; On                 ; On                 ;
; DSP Block Balancing                                                             ; Auto               ; Auto               ;
; NOT Gate Push-Back                                                              ; On                 ; On                 ;
; Power-Up Don't Care                                                             ; On                 ; On                 ;
; Remove Redundant Logic Cells                                                    ; Off                ; Off                ;
; Remove Duplicate Registers                                                      ; On                 ; On                 ;
; Ignore CARRY Buffers                                                            ; Off                ; Off                ;
; Ignore CASCADE Buffers                                                          ; Off                ; Off                ;
; Ignore GLOBAL Buffers                                                           ; Off                ; Off                ;
; Ignore ROW GLOBAL Buffers                                                       ; Off                ; Off                ;
; Ignore LCELL Buffers                                                            ; Off                ; Off                ;
; Ignore SOFT Buffers                                                             ; On                 ; On                 ;
; Limit AHDL Integers to 32 Bits                                                  ; Off                ; Off                ;
; Optimization Technique                                                          ; Balanced           ; Balanced           ;
; Carry Chain Length                                                              ; 70                 ; 70                 ;
; Auto Carry Chains                                                               ; On                 ; On                 ;
; Auto Open-Drain Pins                                                            ; On                 ; On                 ;
; Perform WYSIWYG Primitive Resynthesis                                           ; Off                ; Off                ;
; Auto ROM Replacement                                                            ; On                 ; On                 ;
; Auto RAM Replacement                                                            ; On                 ; On                 ;
; Auto DSP Block Replacement                                                      ; On                 ; On                 ;
; Auto Shift Register Replacement                                                 ; Auto               ; Auto               ;
; Allow Shift Register Merging across Hierarchies                                 ; Auto               ; Auto               ;
; Auto Clock Enable Replacement                                                   ; On                 ; On                 ;
; Strict RAM Replacement                                                          ; Off                ; Off                ;
; Allow Synchronous Control Signals                                               ; On                 ; On                 ;
; Force Use of Synchronous Clear Signals                                          ; Off                ; Off                ;
; Auto Resource Sharing                                                           ; Off                ; Off                ;
; Allow Any RAM Size For Recognition                                              ; Off                ; Off                ;
; Allow Any ROM Size For Recognition                                              ; Off                ; Off                ;
; Allow Any Shift Register Size For Recognition                                   ; Off                ; Off                ;
; Use LogicLock Constraints during Resource Balancing                             ; On                 ; On                 ;
; Ignore translate_off and synthesis_off directives                               ; Off                ; Off                ;
; Timing-Driven Synthesis                                                         ; On                 ; On                 ;
; Report Parameter Settings                                                       ; On                 ; On                 ;
; Report Source Assignments                                                       ; On                 ; On                 ;
; Report Connectivity Checks                                                      ; On                 ; On                 ;
; Ignore Maximum Fan-Out Assignments                                              ; Off                ; Off                ;
; Synchronization Register Chain Length                                           ; 3                  ; 3                  ;
; Power Optimization During Synthesis                                             ; Normal compilation ; Normal compilation ;
; HDL message level                                                               ; Level2             ; Level2             ;
; Suppress Register Optimization Related Messages                                 ; Off                ; Off                ;
; Number of Removed Registers Reported in Synthesis Report                        ; 5000               ; 5000               ;
; Number of Swept Nodes Reported in Synthesis Report                              ; 5000               ; 5000               ;
; Number of Inverted Registers Reported in Synthesis Report                       ; 100                ; 100                ;
; Clock MUX Protection                                                            ; On                 ; On                 ;
; Auto Gated Clock Conversion                                                     ; Off                ; Off                ;
; Block Design Naming                                                             ; Auto               ; Auto               ;
; SDC constraint protection                                                       ; Off                ; Off                ;
; Synthesis Effort                                                                ; Auto               ; Auto               ;
; Shift Register Replacement - Allow Asynchronous Clear Signal                    ; On                 ; On                 ;
; Pre-Mapping Resynthesis Optimization                                            ; Off                ; Off                ;
; Analysis & Synthesis Message Level                                              ; Medium             ; Medium             ;
; Disable Register Merging Across Hierarchies                                     ; Auto               ; Auto               ;
; Resource Aware Inference For Block RAM                                          ; On                 ; On                 ;
; Automatic Parallel Synthesis                                                    ; On                 ; On                 ;
; Partial Reconfiguration Bitstream ID                                            ; Off                ; Off                ;
+---------------------------------------------------------------------------------+--------------------+--------------------+


+------------------------------------------+
; Parallel Compilation                     ;
+----------------------------+-------------+
; Processors                 ; Number      ;
+----------------------------+-------------+
; Number detected on machine ; 8           ;
; Maximum allowed            ; 4           ;
;                            ;             ;
; Average used               ; 1.00        ;
; Maximum used               ; 4           ;
;                            ;             ;
; Usage by Processor         ; % Time Used ;
;     Processor 1            ; 100.0%      ;
;     Processor 2            ;   0.0%      ;
;     Processors 3-4         ;   0.0%      ;
+----------------------------+-------------+


+-------------------------------------------------------------------------------------------------------------------------------------+
; Analysis & Synthesis Source Files Read                                                                                              ;
+----------------------------------+-----------------+-----------------+----------------------------------------------------+---------+
; File Name with User-Entered Path ; Used in Netlist ; File Type       ; File Name with Absolute Path                       ; Library ;
+----------------------------------+-----------------+-----------------+----------------------------------------------------+---------+
; hexdisp7seg.vhd                  ; yes             ; User VHDL File  ; /home/tubbadu/Desktop/sar/sar_lab4/hexdisp7seg.vhd ;         ;
; dac_test.vhd                     ; yes             ; User VHDL File  ; /home/tubbadu/Desktop/sar/sar_lab4/dac_test.vhd    ;         ;
+----------------------------------+-----------------+-----------------+----------------------------------------------------+---------+


+-------------------------------------------------------------------------+
; Analysis & Synthesis Resource Usage Summary                             ;
+---------------------------------------------+---------------------------+
; Resource                                    ; Usage                     ;
+---------------------------------------------+---------------------------+
; Estimate of Logic utilization (ALMs needed) ; 11                        ;
;                                             ;                           ;
; Combinational ALUT usage for logic          ; 20                        ;
;     -- 7 input functions                    ; 0                         ;
;     -- 6 input functions                    ; 1                         ;
;     -- 5 input functions                    ; 1                         ;
;     -- 4 input functions                    ; 15                        ;
;     -- <=3 input functions                  ; 3                         ;
;                                             ;                           ;
; Dedicated logic registers                   ; 6                         ;
;                                             ;                           ;
; I/O pins                                    ; 102                       ;
;                                             ;                           ;
; Total DSP Blocks                            ; 0                         ;
;                                             ;                           ;
; Maximum fan-out node                        ; dactestcnt6:cnt4|count[5] ;
; Maximum fan-out                             ; 10                        ;
; Total fan-out                               ; 282                       ;
; Average fan-out                             ; 1.06                      ;
+---------------------------------------------+---------------------------+


+-----------------------------------------------------------------------------------------------------------------------------------------------------------------------------------------------+
; Analysis & Synthesis Resource Utilization by Entity                                                                                                                                           ;
+----------------------------+---------------------+---------------------------+-------------------+------------+------+--------------+----------------------------+-------------+--------------+
; Compilation Hierarchy Node ; Combinational ALUTs ; Dedicated Logic Registers ; Block Memory Bits ; DSP Blocks ; Pins ; Virtual Pins ; Full Hierarchy Name        ; Entity Name ; Library Name ;
+----------------------------+---------------------+---------------------------+-------------------+------------+------+--------------+----------------------------+-------------+--------------+
; |dac_test                  ; 20 (0)              ; 6 (0)                     ; 0                 ; 0          ; 102  ; 0            ; |dac_test                  ; dac_test    ; work         ;
;    |dactestcnt6:cnt4|      ; 6 (6)               ; 6 (6)                     ; 0                 ; 0          ; 0    ; 0            ; |dac_test|dactestcnt6:cnt4 ; dactestcnt6 ; work         ;
;    |hexdisp7seg:hd0|       ; 7 (7)               ; 0 (0)                     ; 0                 ; 0          ; 0    ; 0            ; |dac_test|hexdisp7seg:hd0  ; hexdisp7seg ; work         ;
;    |hexdisp7seg:hd1|       ; 7 (7)               ; 0 (0)                     ; 0                 ; 0          ; 0    ; 0            ; |dac_test|hexdisp7seg:hd1  ; hexdisp7seg ; work         ;
+----------------------------+---------------------+---------------------------+-------------------+------------+------+--------------+----------------------------+-------------+--------------+
Note: For table entries with two numbers listed, the numbers in parentheses indicate the number of resources of the given type used by the specific entity alone. The numbers listed outside of parentheses indicate the total resources of the given type used by the specific entity and all of its sub-entities in the hierarchy.


+------------------------------------------------------+
; General Register Statistics                          ;
+----------------------------------------------+-------+
; Statistic                                    ; Value ;
+----------------------------------------------+-------+
; Total registers                              ; 6     ;
; Number of registers using Synchronous Clear  ; 0     ;
; Number of registers using Synchronous Load   ; 0     ;
; Number of registers using Asynchronous Clear ; 6     ;
; Number of registers using Asynchronous Load  ; 0     ;
; Number of registers using Clock Enable       ; 0     ;
; Number of registers using Preset             ; 0     ;
+----------------------------------------------+-------+


+------------------------------------------------------------------------------------------------------------------------+
; Port Connectivity Checks: "dactestcnt6:cnt4"                                                                           ;
+--------------+--------+----------+-------------------------------------------------------------------------------------+
; Port         ; Type   ; Severity ; Details                                                                             ;
+--------------+--------+----------+-------------------------------------------------------------------------------------+
; cntout[4..0] ; Output ; Info     ; Connected to dangling logic. Logic that only feeds a dangling port will be removed. ;
+--------------+--------+----------+-------------------------------------------------------------------------------------+


+-----------------------------------------------------+
; Post-Synthesis Netlist Statistics for Top Partition ;
+-----------------------+-----------------------------+
; Type                  ; Count                       ;
+-----------------------+-----------------------------+
; arriav_ff             ; 6                           ;
;     CLR               ; 6                           ;
; arriav_io_obuf        ; 36                          ;
; arriav_lcell_comb     ; 24                          ;
;     normal            ; 24                          ;
;         0 data inputs ; 2                           ;
;         1 data inputs ; 3                           ;
;         2 data inputs ; 1                           ;
;         3 data inputs ; 1                           ;
;         4 data inputs ; 15                          ;
;         5 data inputs ; 1                           ;
;         6 data inputs ; 1                           ;
; boundary_port         ; 102                         ;
;                       ;                             ;
; Max LUT depth         ; 2.00                        ;
; Average LUT depth     ; 0.63                        ;
+-----------------------+-----------------------------+


+-------------------------------+
; Elapsed Time Per Partition    ;
+----------------+--------------+
; Partition Name ; Elapsed Time ;
+----------------+--------------+
; Top            ; 00:00:00     ;
+----------------+--------------+


+-------------------------------+
; Analysis & Synthesis Messages ;
+-------------------------------+
Info: *******************************************************************
Info: Running Quartus Prime Analysis & Synthesis
    Info: Version 18.1.0 Build 625 09/12/2018 SJ Lite Edition
    Info: Processing started: Tue Dec 19 12:29:00 2023
Info: Command: quartus_map --read_settings_files=on --write_settings_files=off sar -c sar
Warning (18236): Number of processors has not been specified which may cause overloading on shared machines.  Set the global assignment NUM_PARALLEL_PROCESSORS in your QSF to an appropriate value for best performance.
Info (20030): Parallel compilation is enabled and will use 4 of the 4 processors detected
Info (12021): Found 2 design units, including 1 entities, in source file comparator_test_noosc.vhd
    Info (12022): Found design unit 1: comparator_test_noosc-rtl File: /home/tubbadu/Desktop/sar/sar_lab4/comparator_test_noosc.vhd Line: 79
    Info (12023): Found entity 1: comparator_test_noosc File: /home/tubbadu/Desktop/sar/sar_lab4/comparator_test_noosc.vhd Line: 43
Info (12021): Found 2 design units, including 1 entities, in source file udcnt8.vhd
    Info (12022): Found design unit 1: udcnt8-rtl File: /home/tubbadu/Desktop/sar/sar_lab4/udcnt8.vhd Line: 16
    Info (12023): Found entity 1: udcnt8 File: /home/tubbadu/Desktop/sar/sar_lab4/udcnt8.vhd Line: 6
Info (12021): Found 2 design units, including 1 entities, in source file nbit_sr.vhd
    Info (12022): Found design unit 1: nbit_sr-rtl File: /home/tubbadu/Desktop/sar/sar_lab4/nbit_sr.vhd Line: 18
    Info (12023): Found entity 1: nbit_sr File: /home/tubbadu/Desktop/sar/sar_lab4/nbit_sr.vhd Line: 5
Info (12021): Found 2 design units, including 1 entities, in source file nbit_reg.vhd
    Info (12022): Found design unit 1: nbit_reg-rtl File: /home/tubbadu/Desktop/sar/sar_lab4/nbit_reg.vhd Line: 19
    Info (12023): Found entity 1: nbit_reg File: /home/tubbadu/Desktop/sar/sar_lab4/nbit_reg.vhd Line: 5
Info (12021): Found 2 design units, including 1 entities, in source file hexdisp7seg.vhd
    Info (12022): Found design unit 1: hexdisp7seg-rtl File: /home/tubbadu/Desktop/sar/sar_lab4/hexdisp7seg.vhd Line: 11
    Info (12023): Found entity 1: hexdisp7seg File: /home/tubbadu/Desktop/sar/sar_lab4/hexdisp7seg.vhd Line: 4
Info (12021): Found 2 design units, including 1 entities, in source file adc_controller/adc_controller/synthesis/adc_controller.vhd
    Info (12022): Found design unit 1: adc_controller-rtl File: /home/tubbadu/Desktop/sar/sar_lab4/adc_controller/adc_controller/synthesis/adc_controller.vhd Line: 28
    Info (12023): Found entity 1: adc_controller File: /home/tubbadu/Desktop/sar/sar_lab4/adc_controller/adc_controller/synthesis/adc_controller.vhd Line: 9
Info (12021): Found 1 design units, including 1 entities, in source file adc_controller/adc_controller/synthesis/submodules/altera_up_avalon_adv_adc.v
    Info (12023): Found entity 1: altera_up_avalon_adv_adc File: /home/tubbadu/Desktop/sar/sar_lab4/adc_controller/adc_controller/synthesis/submodules/altera_up_avalon_adv_adc.v Line: 23
Info (12021): Found 1 design units, including 1 entities, in source file adc_controller/adc_controller/synthesis/submodules/adc_controller_adc_mega_0.v
    Info (12023): Found entity 1: adc_controller_adc_mega_0 File: /home/tubbadu/Desktop/sar/sar_lab4/adc_controller/adc_controller/synthesis/submodules/adc_controller_adc_mega_0.v Line: 22
Info (12021): Found 2 design units, including 1 entities, in source file sarfsm.vhd
    Info (12022): Found design unit 1: sarfsm-behav File: /home/tubbadu/Desktop/sar/sar_lab4/sarfsm.vhd Line: 21
    Info (12023): Found entity 1: sarfsm File: /home/tubbadu/Desktop/sar/sar_lab4/sarfsm.vhd Line: 6
Info (12021): Found 2 design units, including 1 entities, in source file sar.vhd
    Info (12022): Found design unit 1: sar-struct File: /home/tubbadu/Desktop/sar/sar_lab4/sar.vhd Line: 35
    Info (12023): Found entity 1: sar File: /home/tubbadu/Desktop/sar/sar_lab4/sar.vhd Line: 4
Info (12021): Found 2 design units, including 1 entities, in source file datapath.vhd
    Info (12022): Found design unit 1: datapath-rtl File: /home/tubbadu/Desktop/sar/sar_lab4/datapath.vhd Line: 25
    Info (12023): Found entity 1: datapath File: /home/tubbadu/Desktop/sar/sar_lab4/datapath.vhd Line: 5
Info (12021): Found 2 design units, including 1 entities, in source file counter12.vhd
    Info (12022): Found design unit 1: counter12-rtl File: /home/tubbadu/Desktop/sar/sar_lab4/counter12.vhd Line: 17
    Info (12023): Found entity 1: counter12 File: /home/tubbadu/Desktop/sar/sar_lab4/counter12.vhd Line: 6
Info (12021): Found 2 design units, including 1 entities, in source file counter4.vhd
    Info (12022): Found design unit 1: counter4-rtl File: /home/tubbadu/Desktop/sar/sar_lab4/counter4.vhd Line: 17
    Info (12023): Found entity 1: counter4 File: /home/tubbadu/Desktop/sar/sar_lab4/counter4.vhd Line: 6
Info (12021): Found 2 design units, including 1 entities, in source file comparator_test.vhd
    Info (12022): Found design unit 1: comparator_test-rtl File: /home/tubbadu/Desktop/sar/sar_lab4/comparator_test.vhd Line: 52
    Info (12023): Found entity 1: comparator_test File: /home/tubbadu/Desktop/sar/sar_lab4/comparator_test.vhd Line: 25
Info (12021): Found 4 design units, including 2 entities, in source file dac_test.vhd
    Info (12022): Found design unit 1: dac_test-rtl File: /home/tubbadu/Desktop/sar/sar_lab4/dac_test.vhd Line: 47
    Info (12022): Found design unit 2: dactestcnt6-rtl File: /home/tubbadu/Desktop/sar/sar_lab4/dac_test.vhd Line: 118
    Info (12023): Found entity 1: dac_test File: /home/tubbadu/Desktop/sar/sar_lab4/dac_test.vhd Line: 20
    Info (12023): Found entity 2: dactestcnt6 File: /home/tubbadu/Desktop/sar/sar_lab4/dac_test.vhd Line: 110
Info (12127): Elaborating entity "dac_test" for the top level hierarchy
Warning (10873): Using initial value X (don't care) for net "LEDR[9..8]" at dac_test.vhd(30) File: /home/tubbadu/Desktop/sar/sar_lab4/dac_test.vhd Line: 30
Info (12128): Elaborating entity "hexdisp7seg" for hierarchy "hexdisp7seg:hd0" File: /home/tubbadu/Desktop/sar/sar_lab4/dac_test.vhd Line: 84
Info (12128): Elaborating entity "dactestcnt6" for hierarchy "dactestcnt6:cnt4" File: /home/tubbadu/Desktop/sar/sar_lab4/dac_test.vhd Line: 87
Warning (13034): The following nodes have both tri-state and non-tri-state drivers
    Warning (13035): Inserted always-enabled tri-state buffer between "GPIO_0[1]" and its non-tri-state driver. File: /home/tubbadu/Desktop/sar/sar_lab4/dac_test.vhd Line: 34
    Warning (13035): Inserted always-enabled tri-state buffer between "GPIO_0[5]" and its non-tri-state driver. File: /home/tubbadu/Desktop/sar/sar_lab4/dac_test.vhd Line: 34
Warning (13039): The following bidirectional pins have no drivers
    Warning (13040): bidirectional pin "GPIO_0[0]" has no driver File: /home/tubbadu/Desktop/sar/sar_lab4/dac_test.vhd Line: 34
    Warning (13040): bidirectional pin "GPIO_0[2]" has no driver File: /home/tubbadu/Desktop/sar/sar_lab4/dac_test.vhd Line: 34
    Warning (13040): bidirectional pin "GPIO_0[3]" has no driver File: /home/tubbadu/Desktop/sar/sar_lab4/dac_test.vhd Line: 34
    Warning (13040): bidirectional pin "GPIO_0[4]" has no driver File: /home/tubbadu/Desktop/sar/sar_lab4/dac_test.vhd Line: 34
    Warning (13040): bidirectional pin "GPIO_0[6]" has no driver File: /home/tubbadu/Desktop/sar/sar_lab4/dac_test.vhd Line: 34
    Warning (13040): bidirectional pin "GPIO_0[7]" has no driver File: /home/tubbadu/Desktop/sar/sar_lab4/dac_test.vhd Line: 34
    Warning (13040): bidirectional pin "GPIO_0[8]" has no driver File: /home/tubbadu/Desktop/sar/sar_lab4/dac_test.vhd Line: 34
    Warning (13040): bidirectional pin "GPIO_0[9]" has no driver File: /home/tubbadu/Desktop/sar/sar_lab4/dac_test.vhd Line: 34
    Warning (13040): bidirectional pin "GPIO_0[10]" has no driver File: /home/tubbadu/Desktop/sar/sar_lab4/dac_test.vhd Line: 34
    Warning (13040): bidirectional pin "GPIO_0[11]" has no driver File: /home/tubbadu/Desktop/sar/sar_lab4/dac_test.vhd Line: 34
    Warning (13040): bidirectional pin "GPIO_0[12]" has no driver File: /home/tubbadu/Desktop/sar/sar_lab4/dac_test.vhd Line: 34
    Warning (13040): bidirectional pin "GPIO_0[13]" has no driver File: /home/tubbadu/Desktop/sar/sar_lab4/dac_test.vhd Line: 34
    Warning (13040): bidirectional pin "GPIO_0[14]" has no driver File: /home/tubbadu/Desktop/sar/sar_lab4/dac_test.vhd Line: 34
    Warning (13040): bidirectional pin "GPIO_0[15]" has no driver File: /home/tubbadu/Desktop/sar/sar_lab4/dac_test.vhd Line: 34
    Warning (13040): bidirectional pin "GPIO_0[16]" has no driver File: /home/tubbadu/Desktop/sar/sar_lab4/dac_test.vhd Line: 34
    Warning (13040): bidirectional pin "GPIO_0[17]" has no driver File: /home/tubbadu/Desktop/sar/sar_lab4/dac_test.vhd Line: 34
    Warning (13040): bidirectional pin "GPIO_0[18]" has no driver File: /home/tubbadu/Desktop/sar/sar_lab4/dac_test.vhd Line: 34
    Warning (13040): bidirectional pin "GPIO_0[19]" has no driver File: /home/tubbadu/Desktop/sar/sar_lab4/dac_test.vhd Line: 34
    Warning (13040): bidirectional pin "GPIO_0[20]" has no driver File: /home/tubbadu/Desktop/sar/sar_lab4/dac_test.vhd Line: 34
    Warning (13040): bidirectional pin "GPIO_0[21]" has no driver File: /home/tubbadu/Desktop/sar/sar_lab4/dac_test.vhd Line: 34
    Warning (13040): bidirectional pin "GPIO_0[22]" has no driver File: /home/tubbadu/Desktop/sar/sar_lab4/dac_test.vhd Line: 34
    Warning (13040): bidirectional pin "GPIO_0[23]" has no driver File: /home/tubbadu/Desktop/sar/sar_lab4/dac_test.vhd Line: 34
    Warning (13040): bidirectional pin "GPIO_0[24]" has no driver File: /home/tubbadu/Desktop/sar/sar_lab4/dac_test.vhd Line: 34
    Warning (13040): bidirectional pin "GPIO_0[25]" has no driver File: /home/tubbadu/Desktop/sar/sar_lab4/dac_test.vhd Line: 34
    Warning (13040): bidirectional pin "GPIO_0[26]" has no driver File: /home/tubbadu/Desktop/sar/sar_lab4/dac_test.vhd Line: 34
    Warning (13040): bidirectional pin "GPIO_0[27]" has no driver File: /home/tubbadu/Desktop/sar/sar_lab4/dac_test.vhd Line: 34
    Warning (13040): bidirectional pin "GPIO_0[28]" has no driver File: /home/tubbadu/Desktop/sar/sar_lab4/dac_test.vhd Line: 34
    Warning (13040): bidirectional pin "GPIO_0[29]" has no driver File: /home/tubbadu/Desktop/sar/sar_lab4/dac_test.vhd Line: 34
    Warning (13040): bidirectional pin "GPIO_0[30]" has no driver File: /home/tubbadu/Desktop/sar/sar_lab4/dac_test.vhd Line: 34
    Warning (13040): bidirectional pin "GPIO_0[31]" has no driver File: /home/tubbadu/Desktop/sar/sar_lab4/dac_test.vhd Line: 34
    Warning (13040): bidirectional pin "GPIO_0[32]" has no driver File: /home/tubbadu/Desktop/sar/sar_lab4/dac_test.vhd Line: 34
    Warning (13040): bidirectional pin "GPIO_0[33]" has no driver File: /home/tubbadu/Desktop/sar/sar_lab4/dac_test.vhd Line: 34
    Warning (13040): bidirectional pin "GPIO_0[34]" has no driver File: /home/tubbadu/Desktop/sar/sar_lab4/dac_test.vhd Line: 34
    Warning (13040): bidirectional pin "GPIO_0[35]" has no driver File: /home/tubbadu/Desktop/sar/sar_lab4/dac_test.vhd Line: 34
Warning (13009): TRI or OPNDRN buffers permanently enabled
    Warning (13010): Node "GPIO_0[1]~synth" File: /home/tubbadu/Desktop/sar/sar_lab4/dac_test.vhd Line: 34
    Warning (13010): Node "GPIO_0[5]~synth" File: /home/tubbadu/Desktop/sar/sar_lab4/dac_test.vhd Line: 34
Warning (13024): Output pins are stuck at VCC or GND
    Warning (13410): Pin "LEDR[8]" is stuck at GND File: /home/tubbadu/Desktop/sar/sar_lab4/dac_test.vhd Line: 30
    Warning (13410): Pin "LEDR[9]" is stuck at GND File: /home/tubbadu/Desktop/sar/sar_lab4/dac_test.vhd Line: 30
    Warning (13410): Pin "VGA_BLANK_N" is stuck at VCC File: /home/tubbadu/Desktop/sar/sar_lab4/dac_test.vhd Line: 37
    Warning (13410): Pin "VGA_SYNC_N" is stuck at GND File: /home/tubbadu/Desktop/sar/sar_lab4/dac_test.vhd Line: 42
Info (286030): Timing-Driven Synthesis is running
Warning (20013): Ignored 19 assignments for entity "adc_controller" -- entity does not exist in design
Info (16010): Generating hard_block partition "hard_block:auto_generated_inst"
    Info (16011): Adding 0 node(s), including 0 DDIO, 0 PLL, 0 transceiver and 0 LCELL
Warning (21074): Design contains 5 input pin(s) that do not drive logic
    Warning (15610): No output dependent on input pin "KEY_N[1]" File: /home/tubbadu/Desktop/sar/sar_lab4/dac_test.vhd Line: 28
    Warning (15610): No output dependent on input pin "KEY_N[2]" File: /home/tubbadu/Desktop/sar/sar_lab4/dac_test.vhd Line: 28
    Warning (15610): No output dependent on input pin "KEY_N[3]" File: /home/tubbadu/Desktop/sar/sar_lab4/dac_test.vhd Line: 28
    Warning (15610): No output dependent on input pin "SW[8]" File: /home/tubbadu/Desktop/sar/sar_lab4/dac_test.vhd Line: 32
    Warning (15610): No output dependent on input pin "SW[9]" File: /home/tubbadu/Desktop/sar/sar_lab4/dac_test.vhd Line: 32
Info (21057): Implemented 122 device resources after synthesis - the final resource count might be different
    Info (21058): Implemented 15 input pins
    Info (21059): Implemented 51 output pins
    Info (21060): Implemented 36 bidirectional pins
    Info (21061): Implemented 20 logic cells
Info: Quartus Prime Analysis & Synthesis was successful. 0 errors, 55 warnings
    Info: Peak virtual memory: 1052 megabytes
    Info: Processing ended: Tue Dec 19 12:29:08 2023
    Info: Elapsed time: 00:00:08
    Info: Total CPU time (on all processors): 00:00:17


